[33m[nodemon] 2.0.15[39m
[33m[nodemon] to restart at any time, enter `rs`[39m
[33m[nodemon] watching path(s): *.*[39m
[33m[nodemon] watching extensions: js,mjs,json[39m
[32m[nodemon] starting `node index.js`[39m
events.js:377
      throw er; // Unhandled 'error' event
      ^

Error: EBADF: bad file descriptor, read
Emitted 'error' event on ReadStream instance at:
    at internal/fs/streams.js:173:14
    at FSReqCallback.wrapper [as oncomplete] (fs.js:561:5) {
  errno: -9,
  code: 'EBADF',
  syscall: 'read'
}
--2021-12-28 09:47:19--  http://mirror.waia.asn.au/ubuntu-releases/xenial/ubuntu-16.04.2-desktop-amd64.iso
Resolvendo mirror.waia.asn.au (mirror.waia.asn.au)... 103.2.117.9, 2402:9200:8::9
Conectando-se a mirror.waia.asn.au (mirror.waia.asn.au)|103.2.117.9|:80... conectado.
A requisição HTTP foi enviada, aguardando resposta... 404 Not Found
2021-12-28 09:47:20 ERRO 404: Not Found.

--2021-12-28 09:47:51--  http://mirror.waia.asn.au/ubuntu-releases/xenial/ubuntu-16.04.2-desktop-amd64.iso
Resolvendo mirror.waia.asn.au (mirror.waia.asn.au)... 103.2.117.9, 2402:9200:8::9
Conectando-se a mirror.waia.asn.au (mirror.waia.asn.au)|103.2.117.9|:80... conectado.
A requisição HTTP foi enviada, aguardando resposta... 404 Not Found
2021-12-28 09:47:52 ERRO 404: Not Found.

